2025-03-18 15:22:24.063 | INFO     | __main__:main:41 - Starting data preparation...
2025-03-18 15:22:24.063 | INFO     | __main__:read_raw_data:26 - Reading raw data from /Users/debramartin/ Projects/smart-store-debramartin/data/raw/customers_data.csv.
2025-03-18 15:22:24.065 | INFO     | __main__:read_raw_data:26 - Reading raw data from /Users/debramartin/ Projects/smart-store-debramartin/data/raw/products_data.csv.
2025-03-18 15:22:24.065 | INFO     | __main__:read_raw_data:26 - Reading raw data from /Users/debramartin/ Projects/smart-store-debramartin/data/raw/sales_data.csv.
2025-03-18 15:22:24.066 | INFO     | __main__:main:45 - Data preparation complete.
2025-03-23 12:54:05.405 | INFO     | __main__:main:109 - Starting data preparation...
2025-03-23 12:54:05.405 | INFO     | __main__:read_raw_data:52 - Reading raw data from /Users/debramartin/Projects/smart-store-debramartin/data/raw/customers_data.csv.
2025-03-23 12:54:05.411 | INFO     | __main__:process_data:67 - After duplicates removal: shape = (11, 6)
2025-03-23 12:54:05.414 | INFO     | __main__:process_data:72 - Verifying columns and types...
2025-03-23 12:54:05.415 | ERROR    | __main__:process_data:89 - Incorrect data type for column 'LoyaltyPoints'. Expected: int64, Found: object
2025-03-23 12:54:05.415 | INFO     | __main__:main:111 - Data preparation complete.
2025-03-23 12:54:05.415 | INFO     | __main__:read_raw_data:52 - Reading raw data from /Users/debramartin/Projects/smart-store-debramartin/data/raw/customers_data.csv.
2025-03-23 12:54:05.416 | INFO     | __main__:process_data:67 - After duplicates removal: shape = (11, 6)
2025-03-23 12:54:05.416 | INFO     | __main__:process_data:72 - Verifying columns and types...
2025-03-23 12:54:05.417 | ERROR    | __main__:process_data:89 - Incorrect data type for column 'LoyaltyPoints'. Expected: int64, Found: object
2025-03-23 12:54:05.417 | ERROR    | __main__:main:121 - Error saving cleaned data: 'bool' object has no attribute 'to_csv'
2025-03-23 13:09:39.439 | INFO     | __main__:main:117 - Starting data preparation...
2025-03-23 13:09:39.439 | INFO     | __main__:read_raw_data:52 - Reading raw data from /Users/debramartin/Projects/smart-store-debramartin/data/raw/customers_data.csv.
2025-03-23 13:09:39.448 | INFO     | __main__:process_data:67 - After duplicates removal: shape = (11, 6)
2025-03-23 13:09:39.452 | INFO     | __main__:process_data:72 - Verifying columns and types...
2025-03-23 13:09:39.452 | ERROR    | __main__:process_data:96 - Incorrect data type for column 'LoyaltyPoints'. Expected: int64, Found: Int64
2025-03-23 13:09:39.452 | ERROR    | __main__:main:126 - Data preparation failed. No data to save.
2025-03-23 13:18:15.448 | INFO     | __main__:main:117 - Starting data preparation...
2025-03-23 13:18:15.448 | INFO     | __main__:read_raw_data:52 - Reading raw data from /Users/debramartin/Projects/smart-store-debramartin/data/raw/customers_data.csv.
2025-03-23 13:18:15.454 | INFO     | __main__:process_data:67 - After duplicates removal: shape = (11, 6)
2025-03-23 13:18:15.457 | INFO     | __main__:process_data:72 - Verifying columns and types...
2025-03-23 13:18:15.457 | INFO     | __main__:process_data:99 - Columns and types verified successfully.
2025-03-23 13:18:15.458 | INFO     | __main__:process_data:104 - Dropped 2 rows due to LoyaltyPoints outliers
2025-03-23 13:18:15.459 | INFO     | __main__:process_data:110 - Dropped 0 rows due to invalid PreferredContactMethod
2025-03-23 13:18:15.460 | INFO     | __main__:main:122 - Cleaned customers data saved to /Users/debramartin/Projects/smart-store-debramartin/data/prepared/customers_data_prepared.csv
2025-03-23 13:44:01.379 | INFO     | __main__:main:114 - Starting data preparation...
2025-03-23 13:44:01.379 | INFO     | __main__:read_raw_data:52 - Reading raw data from /Users/debramartin/Projects/smart-store-debramartin/data/raw/customers_data.csv.
2025-03-23 13:44:01.389 | INFO     | __main__:process_data:67 - After duplicates removal: shape = (11, 6)
2025-03-23 13:44:01.389 | INFO     | __main__:process_data:69 - Verifying columns and types...
2025-03-23 13:44:01.389 | ERROR    | __main__:process_data:79 - Missing column: ProductID
2025-03-23 13:44:01.390 | ERROR    | __main__:main:123 - Data preparation failed. No data to save.
2025-03-23 13:46:57.987 | INFO     | __main__:main:114 - Starting data preparation...
2025-03-23 13:46:57.987 | INFO     | __main__:read_raw_data:52 - Reading raw data from /Users/debramartin/Projects/smart-store-debramartin/data/raw/products_data.csv.
2025-03-23 13:46:57.996 | INFO     | __main__:process_data:67 - After duplicates removal: shape = (8, 6)
2025-03-23 13:46:57.996 | INFO     | __main__:process_data:69 - Verifying columns and types...
2025-03-23 13:46:57.997 | ERROR    | __main__:process_data:93 - Incorrect data type for column 'UnitPrice'. Expected: int64, Found: float64
2025-03-23 13:46:57.997 | ERROR    | __main__:main:123 - Data preparation failed. No data to save.
2025-03-23 13:52:08.590 | INFO     | __main__:main:114 - Starting data preparation...
2025-03-23 13:52:08.590 | INFO     | __main__:read_raw_data:52 - Reading raw data from /Users/debramartin/Projects/smart-store-debramartin/data/raw/products_data.csv.
2025-03-23 13:52:08.597 | INFO     | __main__:process_data:67 - After duplicates removal: shape = (8, 6)
2025-03-23 13:52:08.597 | INFO     | __main__:process_data:69 - Verifying columns and types...
2025-03-23 13:52:08.598 | INFO     | __main__:process_data:96 - Columns and types verified successfully.
2025-03-23 13:52:08.598 | INFO     | __main__:process_data:101 - Dropped 0 rows due to StockQuantity outliers
2025-03-23 13:52:08.600 | INFO     | __main__:process_data:107 - Dropped 1 rows due to invalid SubCategory
2025-03-23 13:52:08.601 | INFO     | __main__:main:119 - Cleaned customers data saved to /Users/debramartin/Projects/smart-store-debramartin/data/prepared/products_data_prepared.csv
2025-03-23 13:54:30.302 | INFO     | __main__:main:114 - Starting data preparation...
2025-03-23 13:54:30.302 | INFO     | __main__:read_raw_data:52 - Reading raw data from /Users/debramartin/Projects/smart-store-debramartin/data/raw/products_data.csv.
2025-03-23 13:54:30.308 | INFO     | __main__:process_data:67 - After duplicates removal: shape = (8, 6)
2025-03-23 13:54:30.308 | INFO     | __main__:process_data:69 - Verifying columns and types...
2025-03-23 13:54:30.309 | INFO     | __main__:process_data:96 - Columns and types verified successfully.
2025-03-23 13:54:30.309 | INFO     | __main__:process_data:101 - Dropped 1 rows due to StockQuantity outliers
2025-03-23 13:54:30.311 | INFO     | __main__:process_data:107 - Dropped 1 rows due to invalid SubCategory
2025-03-23 13:54:30.312 | INFO     | __main__:main:119 - Cleaned customers data saved to /Users/debramartin/Projects/smart-store-debramartin/data/prepared/products_data_prepared.csv
2025-03-23 14:34:57.052 | INFO     | __main__:main:118 - Starting data preparation...
2025-03-23 14:34:57.053 | INFO     | __main__:read_raw_data:54 - Reading raw data from /Users/debramartin/Projects/smart-store-debramartin/data/raw/sales_data.csv.
2025-03-23 14:34:57.062 | INFO     | __main__:process_data:69 - After duplicates removal: shape = (94, 9)
2025-03-23 14:37:31.588 | INFO     | __main__:main:118 - Starting data preparation...
2025-03-23 14:37:31.589 | INFO     | __main__:read_raw_data:54 - Reading raw data from /Users/debramartin/Projects/smart-store-debramartin/data/raw/sales_data.csv.
2025-03-23 14:37:31.599 | INFO     | __main__:process_data:69 - After duplicates removal: shape = (94, 9)
2025-03-23 14:37:31.601 | INFO     | __main__:process_data:74 - Verifying columns and types...
2025-03-23 14:37:31.601 | ERROR    | __main__:process_data:98 - Incorrect data type for column 'SaleAmount'. Expected: int64, Found: float64
2025-03-23 14:37:31.601 | ERROR    | __main__:main:127 - Data preparation failed. No data to save.
2025-03-23 14:38:25.302 | INFO     | __main__:main:118 - Starting data preparation...
2025-03-23 14:38:25.302 | INFO     | __main__:read_raw_data:54 - Reading raw data from /Users/debramartin/Projects/smart-store-debramartin/data/raw/sales_data.csv.
2025-03-23 14:38:25.308 | INFO     | __main__:process_data:69 - After duplicates removal: shape = (94, 9)
2025-03-23 14:38:25.310 | INFO     | __main__:process_data:74 - Verifying columns and types...
2025-03-23 14:38:25.311 | ERROR    | __main__:process_data:98 - Incorrect data type for column 'SaleAmount'. Expected: int64, Found: float64
2025-03-23 14:38:25.311 | ERROR    | __main__:main:127 - Data preparation failed. No data to save.
2025-03-23 14:39:22.030 | INFO     | __main__:main:118 - Starting data preparation...
2025-03-23 14:39:22.030 | INFO     | __main__:read_raw_data:54 - Reading raw data from /Users/debramartin/Projects/smart-store-debramartin/data/raw/sales_data.csv.
2025-03-23 14:39:22.039 | INFO     | __main__:process_data:69 - After duplicates removal: shape = (94, 9)
2025-03-23 14:39:22.043 | INFO     | __main__:process_data:74 - Verifying columns and types...
2025-03-23 14:39:22.044 | INFO     | __main__:process_data:101 - Columns and types verified successfully.
2025-03-23 14:39:22.044 | INFO     | __main__:process_data:106 - Dropped 1 rows due to DiscountPercent outliers
2025-03-23 14:39:22.044 | INFO     | __main__:process_data:111 - Dropped 0 rows due to invalid State
2025-03-23 14:39:22.046 | INFO     | __main__:main:123 - Cleaned sales data saved to /Users/debramartin/Projects/smart-store-debramartin/data/prepared/sales_data_prepared.csv
2025-03-23 14:42:28.208 | INFO     | __main__:main:118 - Starting data preparation...
2025-03-23 14:42:28.208 | INFO     | __main__:read_raw_data:54 - Reading raw data from /Users/debramartin/Projects/smart-store-debramartin/data/raw/sales_data.csv.
2025-03-23 14:42:28.218 | INFO     | __main__:process_data:69 - After duplicates removal: shape = (94, 9)
2025-03-23 14:42:28.222 | INFO     | __main__:process_data:74 - Verifying columns and types...
2025-03-23 14:42:28.222 | INFO     | __main__:process_data:101 - Columns and types verified successfully.
2025-03-23 14:42:28.223 | INFO     | __main__:process_data:106 - Dropped 1 rows due to DiscountPercent outliers
2025-03-23 14:42:28.224 | INFO     | __main__:process_data:111 - Dropped 0 rows due to invalid State
2025-03-23 14:42:28.225 | INFO     | __main__:main:123 - Cleaned sales data saved to /Users/debramartin/Projects/smart-store-debramartin/data/prepared/sales_data_prepared.csv
2025-03-23 14:43:50.054 | INFO     | __main__:main:118 - Starting data preparation...
2025-03-23 14:43:50.054 | INFO     | __main__:read_raw_data:54 - Reading raw data from /Users/debramartin/Projects/smart-store-debramartin/data/raw/sales_data.csv.
2025-03-23 14:43:50.062 | INFO     | __main__:process_data:69 - After duplicates removal: shape = (94, 9)
2025-03-23 14:43:50.065 | INFO     | __main__:process_data:74 - Verifying columns and types...
2025-03-23 14:43:50.065 | INFO     | __main__:process_data:101 - Columns and types verified successfully.
2025-03-23 14:43:50.066 | INFO     | __main__:process_data:106 - Dropped 1 rows due to DiscountPercent outliers
2025-03-23 14:43:50.066 | INFO     | __main__:process_data:111 - Dropped 0 rows due to invalid State
2025-03-23 14:43:50.068 | INFO     | __main__:main:123 - Cleaned sales data saved to /Users/debramartin/Projects/smart-store-debramartin/data/prepared/sales_data_prepared.csv
2025-03-23 14:48:52.550 | INFO     | __main__:main:166 - Starting data preparation...
2025-03-23 14:48:52.551 | INFO     | __main__:read_raw_data:54 - Reading raw data from /Users/debramartin/Projects/smart-store-debramartin/data/raw/sales_data.csv.
2025-03-23 14:48:52.560 | INFO     | __main__:process_data:69 - After duplicates removal: shape = (94, 9)
2025-03-23 14:48:52.565 | INFO     | __main__:process_data:74 - Verifying columns and types...
2025-03-23 14:48:52.565 | INFO     | __main__:process_data:101 - Columns and types verified successfully.
2025-03-23 14:48:52.566 | INFO     | __main__:process_data:106 - Dropped 1 rows due to DiscountPercent outliers
2025-03-23 14:48:52.567 | INFO     | __main__:read_raw_data:54 - Reading raw data from /Users/debramartin/Projects/smart-store-debramartin/data/raw/sales_data.csv.
2025-03-23 14:48:52.568 | INFO     | __main__:process_data:117 - After duplicates removal: shape = (94, 9)
2025-03-23 14:48:52.569 | INFO     | __main__:process_data:122 - Verifying columns and types...
2025-03-23 14:48:52.569 | INFO     | __main__:process_data:149 - Columns and types verified successfully.
2025-03-23 14:48:52.569 | INFO     | __main__:process_data:154 - Dropped 1 rows due to DiscountPercent outliers
2025-03-23 14:48:52.570 | INFO     | __main__:process_data:160 - Dropped 1 rows due to invalid State
2025-03-23 14:48:52.572 | INFO     | __main__:main:171 - Cleaned sales data saved to /Users/debramartin/Projects/smart-store-debramartin/data/prepared/sales_data_prepared.csv
2025-03-23 18:21:02.077 | INFO     | __main__:main:49 - ======================
2025-03-23 18:21:02.077 | INFO     | __main__:main:50 - STARTING data_prep.py
2025-03-23 18:21:02.077 | INFO     | __main__:main:51 - ======================
2025-03-23 18:21:02.077 | INFO     | __main__:main:53 - ========================
2025-03-23 18:21:02.077 | INFO     | __main__:main:54 - Starting CUSTOMERS prep
2025-03-23 18:21:02.077 | INFO     | __main__:main:55 - ========================
2025-03-23 18:21:02.077 | INFO     | __main__:read_raw_data:28 - Reading raw data from /Users/debramartin/Projects/smart-store-debramartin/data/raw/customers_data.csv.
2025-03-23 18:21:02.100 | INFO     | __main__:save_prepared_data:41 - Data saved to /Users/debramartin/Projects/smart-store-debramartin/data/prepared/customers_data_prepared.csv
2025-03-23 18:21:02.101 | INFO     | __main__:main:75 - ========================
2025-03-23 18:21:02.101 | INFO     | __main__:main:76 - Starting PRODUCTS prep
2025-03-23 18:21:02.101 | INFO     | __main__:main:77 - ========================
2025-03-23 18:21:02.101 | INFO     | __main__:read_raw_data:28 - Reading raw data from /Users/debramartin/Projects/smart-store-debramartin/data/raw/products_data.csv.
2025-03-23 18:21:02.106 | INFO     | __main__:save_prepared_data:41 - Data saved to /Users/debramartin/Projects/smart-store-debramartin/data/prepared/products_data_prepared.csv
2025-03-23 18:21:02.106 | INFO     | __main__:main:93 - ========================
2025-03-23 18:21:02.106 | INFO     | __main__:main:94 - Starting SALES prep
2025-03-23 18:21:02.106 | INFO     | __main__:main:95 - ========================
2025-03-23 18:21:02.106 | INFO     | __main__:read_raw_data:28 - Reading raw data from /Users/debramartin/Projects/smart-store-debramartin/data/raw/sales_data.csv.
2025-03-23 18:21:02.117 | INFO     | __main__:save_prepared_data:41 - Data saved to /Users/debramartin/Projects/smart-store-debramartin/data/prepared/sales_data_prepared.csv
2025-03-23 18:21:02.117 | INFO     | __main__:main:114 - ======================
2025-03-23 18:21:02.117 | INFO     | __main__:main:115 - FINISHED data_prep.py
2025-03-23 18:21:02.117 | INFO     | __main__:main:116 - ======================
2025-03-23 18:37:51.259 | INFO     | __main__:main:49 - ======================
2025-03-23 18:37:51.259 | INFO     | __main__:main:50 - STARTING data_prep.py
2025-03-23 18:37:51.259 | INFO     | __main__:main:51 - ======================
2025-03-23 18:37:51.259 | INFO     | __main__:main:53 - ========================
2025-03-23 18:37:51.259 | INFO     | __main__:main:54 - Starting CUSTOMERS prep
2025-03-23 18:37:51.259 | INFO     | __main__:main:55 - ========================
2025-03-23 18:37:51.259 | INFO     | __main__:read_raw_data:28 - Reading raw data from /Users/debramartin/Projects/smart-store-debramartin/data/raw/customers_data.csv.
2025-03-23 18:37:51.281 | INFO     | __main__:save_prepared_data:41 - Data saved to /Users/debramartin/Projects/smart-store-debramartin/data/prepared/customers_data_prepared.csv
2025-03-23 18:37:51.281 | INFO     | __main__:main:75 - ========================
2025-03-23 18:37:51.281 | INFO     | __main__:main:76 - Starting PRODUCTS prep
2025-03-23 18:37:51.281 | INFO     | __main__:main:77 - ========================
2025-03-23 18:37:51.281 | INFO     | __main__:read_raw_data:28 - Reading raw data from /Users/debramartin/Projects/smart-store-debramartin/data/raw/products_data.csv.
2025-03-23 18:37:51.287 | INFO     | __main__:save_prepared_data:41 - Data saved to /Users/debramartin/Projects/smart-store-debramartin/data/prepared/products_data_prepared.csv
2025-03-23 18:37:51.287 | INFO     | __main__:main:93 - ========================
2025-03-23 18:37:51.287 | INFO     | __main__:main:94 - Starting SALES prep
2025-03-23 18:37:51.287 | INFO     | __main__:main:95 - ========================
2025-03-23 18:37:51.287 | INFO     | __main__:read_raw_data:28 - Reading raw data from /Users/debramartin/Projects/smart-store-debramartin/data/raw/sales_data.csv.
2025-03-23 18:37:51.296 | INFO     | __main__:save_prepared_data:41 - Data saved to /Users/debramartin/Projects/smart-store-debramartin/data/prepared/sales_data_prepared.csv
2025-03-23 18:37:51.296 | INFO     | __main__:main:114 - ======================
2025-03-23 18:37:51.296 | INFO     | __main__:main:115 - FINISHED data_prep.py
2025-03-23 18:37:51.296 | INFO     | __main__:main:116 - ======================
